Analysis & Synthesis report for pbl
Thu Mar 26 11:03:23 2026
Quartus Prime Version 25.1std.0 Build 1129 10/21/2025 SC Lite Edition


---------------------
; Table of Contents ;
---------------------
  1. Legal Notice
  2. Analysis & Synthesis Summary
  3. Analysis & Synthesis Settings
  4. Parallel Compilation
  5. Analysis & Synthesis Source Files Read
  6. Analysis & Synthesis Resource Usage Summary
  7. Analysis & Synthesis Resource Utilization by Entity
  8. Analysis & Synthesis RAM Summary
  9. General Register Statistics
 10. Registers Packed Into Inferred Megafunctions
 11. Source assignments for altsyncram:mem_pesos_rtl_0|altsyncram_9qa1:auto_generated
 12. Parameter Settings for Inferred Entity Instance: altsyncram:mem_pesos_rtl_0
 13. altsyncram Parameter Settings by Entity Instance
 14. Post-Synthesis Netlist Statistics for Top Partition
 15. Elapsed Time Per Partition
 16. Analysis & Synthesis Messages
 17. Analysis & Synthesis Suppressed Messages



----------------
; Legal Notice ;
----------------
Copyright (C) 2025  Altera Corporation. All rights reserved.
Your use of Altera Corporation's design tools, logic functions 
and other software and tools, and any partner logic 
functions, and any output files from any of the foregoing 
(including device programming or simulation files), and any 
associated documentation or information are expressly subject 
to the terms and conditions of the Altera Program License 
Subscription Agreement, the Altera Quartus Prime License Agreement,
the Altera IP License Agreement, or other applicable license
agreement, including, without limitation, that your use is for
the sole purpose of programming logic devices manufactured by
Altera and sold by Altera or its authorized distributors.  Please
refer to the Altera Software License Subscription Agreements 
on the Quartus Prime software download page.



+-----------------------------------------------------------------------------------+
; Analysis & Synthesis Summary                                                      ;
+---------------------------------+-------------------------------------------------+
; Analysis & Synthesis Status     ; Successful - Thu Mar 26 11:03:23 2026           ;
; Quartus Prime Version           ; 25.1std.0 Build 1129 10/21/2025 SC Lite Edition ;
; Revision Name                   ; pbl                                             ;
; Top-level Entity Name           ; memoria                                         ;
; Family                          ; Cyclone V                                       ;
; Logic utilization (in ALMs)     ; N/A                                             ;
; Total registers                 ; 20                                              ;
; Total pins                      ; 57                                              ;
; Total virtual pins              ; 0                                               ;
; Total block memory bits         ; 1,605,632                                       ;
; Total DSP Blocks                ; 0                                               ;
; Total HSSI RX PCSs              ; 0                                               ;
; Total HSSI PMA RX Deserializers ; 0                                               ;
; Total HSSI TX PCSs              ; 0                                               ;
; Total HSSI PMA TX Serializers   ; 0                                               ;
; Total PLLs                      ; 0                                               ;
; Total DLLs                      ; 0                                               ;
+---------------------------------+-------------------------------------------------+


+---------------------------------------------------------------------------------------------------------------------------+
; Analysis & Synthesis Settings                                                                                             ;
+---------------------------------------------------------------------------------+--------------------+--------------------+
; Option                                                                          ; Setting            ; Default Value      ;
+---------------------------------------------------------------------------------+--------------------+--------------------+
; Device                                                                          ; 5CSEMA5F31C6       ;                    ;
; Top-level entity name                                                           ; memoria            ; pbl                ;
; Family name                                                                     ; Cyclone V          ; Cyclone V          ;
; Use smart compilation                                                           ; Off                ; Off                ;
; Enable parallel Assembler and Timing Analyzer during compilation                ; On                 ; On                 ;
; Enable compact report table                                                     ; Off                ; Off                ;
; Restructure Multiplexers                                                        ; Auto               ; Auto               ;
; MLAB Add Timing Constraints For Mixed-Port Feed-Through Mode Setting Don't Care ; Off                ; Off                ;
; Create Debugging Nodes for IP Cores                                             ; Off                ; Off                ;
; Preserve fewer node names                                                       ; On                 ; On                 ;
; Intel FPGA IP Evaluation Mode                                                   ; Enable             ; Enable             ;
; Verilog Version                                                                 ; Verilog_2001       ; Verilog_2001       ;
; VHDL Version                                                                    ; VHDL_1993          ; VHDL_1993          ;
; State Machine Processing                                                        ; Auto               ; Auto               ;
; Safe State Machine                                                              ; Off                ; Off                ;
; Extract Verilog State Machines                                                  ; On                 ; On                 ;
; Extract VHDL State Machines                                                     ; On                 ; On                 ;
; Ignore Verilog initial constructs                                               ; Off                ; Off                ;
; Iteration limit for constant Verilog loops                                      ; 5000               ; 5000               ;
; Iteration limit for non-constant Verilog loops                                  ; 250                ; 250                ;
; Add Pass-Through Logic to Inferred RAMs                                         ; On                 ; On                 ;
; Infer RAMs from Raw Logic                                                       ; On                 ; On                 ;
; Parallel Synthesis                                                              ; On                 ; On                 ;
; DSP Block Balancing                                                             ; Auto               ; Auto               ;
; NOT Gate Push-Back                                                              ; On                 ; On                 ;
; Power-Up Don't Care                                                             ; On                 ; On                 ;
; Remove Redundant Logic Cells                                                    ; Off                ; Off                ;
; Remove Duplicate Registers                                                      ; On                 ; On                 ;
; Ignore CARRY Buffers                                                            ; Off                ; Off                ;
; Ignore CASCADE Buffers                                                          ; Off                ; Off                ;
; Ignore GLOBAL Buffers                                                           ; Off                ; Off                ;
; Ignore ROW GLOBAL Buffers                                                       ; Off                ; Off                ;
; Ignore LCELL Buffers                                                            ; Off                ; Off                ;
; Ignore SOFT Buffers                                                             ; On                 ; On                 ;
; Limit AHDL Integers to 32 Bits                                                  ; Off                ; Off                ;
; Optimization Technique                                                          ; Balanced           ; Balanced           ;
; Carry Chain Length                                                              ; 70                 ; 70                 ;
; Auto Carry Chains                                                               ; On                 ; On                 ;
; Auto Open-Drain Pins                                                            ; On                 ; On                 ;
; Perform WYSIWYG Primitive Resynthesis                                           ; Off                ; Off                ;
; Auto ROM Replacement                                                            ; On                 ; On                 ;
; Auto RAM Replacement                                                            ; On                 ; On                 ;
; Auto DSP Block Replacement                                                      ; On                 ; On                 ;
; Auto Shift Register Replacement                                                 ; Auto               ; Auto               ;
; Allow Shift Register Merging across Hierarchies                                 ; Auto               ; Auto               ;
; Auto Clock Enable Replacement                                                   ; On                 ; On                 ;
; Strict RAM Replacement                                                          ; Off                ; Off                ;
; Allow Synchronous Control Signals                                               ; On                 ; On                 ;
; Force Use of Synchronous Clear Signals                                          ; Off                ; Off                ;
; Auto Resource Sharing                                                           ; Off                ; Off                ;
; Allow Any RAM Size For Recognition                                              ; Off                ; Off                ;
; Allow Any ROM Size For Recognition                                              ; Off                ; Off                ;
; Allow Any Shift Register Size For Recognition                                   ; Off                ; Off                ;
; Use LogicLock Constraints during Resource Balancing                             ; On                 ; On                 ;
; Ignore translate_off and synthesis_off directives                               ; Off                ; Off                ;
; Timing-Driven Synthesis                                                         ; On                 ; On                 ;
; Report Parameter Settings                                                       ; On                 ; On                 ;
; Report Source Assignments                                                       ; On                 ; On                 ;
; Report Connectivity Checks                                                      ; On                 ; On                 ;
; Ignore Maximum Fan-Out Assignments                                              ; Off                ; Off                ;
; Synchronization Register Chain Length                                           ; 3                  ; 3                  ;
; Power Optimization During Synthesis                                             ; Normal compilation ; Normal compilation ;
; HDL message level                                                               ; Level2             ; Level2             ;
; Suppress Register Optimization Related Messages                                 ; Off                ; Off                ;
; Number of Removed Registers Reported in Synthesis Report                        ; 5000               ; 5000               ;
; Number of Swept Nodes Reported in Synthesis Report                              ; 5000               ; 5000               ;
; Number of Inverted Registers Reported in Synthesis Report                       ; 100                ; 100                ;
; Clock MUX Protection                                                            ; On                 ; On                 ;
; Auto Gated Clock Conversion                                                     ; Off                ; Off                ;
; Block Design Naming                                                             ; Auto               ; Auto               ;
; SDC constraint protection                                                       ; Off                ; Off                ;
; Synthesis Effort                                                                ; Auto               ; Auto               ;
; Shift Register Replacement - Allow Asynchronous Clear Signal                    ; On                 ; On                 ;
; Pre-Mapping Resynthesis Optimization                                            ; Off                ; Off                ;
; Analysis & Synthesis Message Level                                              ; Medium             ; Medium             ;
; Disable Register Merging Across Hierarchies                                     ; Auto               ; Auto               ;
; Resource Aware Inference For Block RAM                                          ; On                 ; On                 ;
; Automatic Parallel Synthesis                                                    ; On                 ; On                 ;
; Partial Reconfiguration Bitstream ID                                            ; Off                ; Off                ;
+---------------------------------------------------------------------------------+--------------------+--------------------+


+------------------------------------------+
; Parallel Compilation                     ;
+----------------------------+-------------+
; Processors                 ; Number      ;
+----------------------------+-------------+
; Number detected on machine ; 12          ;
; Maximum allowed            ; 8           ;
;                            ;             ;
; Average used               ; 1.00        ;
; Maximum used               ; 1           ;
;                            ;             ;
; Usage by Processor         ; % Time Used ;
;     Processor 1            ; 100.0%      ;
+----------------------------+-------------+


+--------------------------------------------------------------------------------------------------------------------------------------------------------------------------------------+
; Analysis & Synthesis Source Files Read                                                                                                                                               ;
+----------------------------------+-----------------+----------------------------------------+------------------------------------------------------------------------------+---------+
; File Name with User-Entered Path ; Used in Netlist ; File Type                              ; File Name with Absolute Path                                                 ; Library ;
+----------------------------------+-----------------+----------------------------------------+------------------------------------------------------------------------------+---------+
; memoria.v                        ; yes             ; User Verilog HDL File                  ; C:/Users/Rick/Documents/UEFS/SD/PBL-SD-HRM/memoria.v                         ;         ;
; altsyncram.tdf                   ; yes             ; Megafunction                           ; c:/altera_lite/25.1std/quartus/libraries/megafunctions/altsyncram.tdf        ;         ;
; stratix_ram_block.inc            ; yes             ; Megafunction                           ; c:/altera_lite/25.1std/quartus/libraries/megafunctions/stratix_ram_block.inc ;         ;
; lpm_mux.inc                      ; yes             ; Megafunction                           ; c:/altera_lite/25.1std/quartus/libraries/megafunctions/lpm_mux.inc           ;         ;
; lpm_decode.inc                   ; yes             ; Megafunction                           ; c:/altera_lite/25.1std/quartus/libraries/megafunctions/lpm_decode.inc        ;         ;
; aglobal251.inc                   ; yes             ; Megafunction                           ; c:/altera_lite/25.1std/quartus/libraries/megafunctions/aglobal251.inc        ;         ;
; a_rdenreg.inc                    ; yes             ; Megafunction                           ; c:/altera_lite/25.1std/quartus/libraries/megafunctions/a_rdenreg.inc         ;         ;
; altrom.inc                       ; yes             ; Megafunction                           ; c:/altera_lite/25.1std/quartus/libraries/megafunctions/altrom.inc            ;         ;
; altram.inc                       ; yes             ; Megafunction                           ; c:/altera_lite/25.1std/quartus/libraries/megafunctions/altram.inc            ;         ;
; altdpram.inc                     ; yes             ; Megafunction                           ; c:/altera_lite/25.1std/quartus/libraries/megafunctions/altdpram.inc          ;         ;
; db/altsyncram_9qa1.tdf           ; yes             ; Auto-Generated Megafunction            ; C:/Users/Rick/Documents/UEFS/SD/PBL-SD-HRM/db/altsyncram_9qa1.tdf            ;         ;
; w_in_q.mif                       ; yes             ; Auto-Found Memory Initialization File  ; C:/Users/Rick/Documents/UEFS/SD/PBL-SD-HRM/w_in_q.mif                        ;         ;
; db/decode_j2a.tdf                ; yes             ; Auto-Generated Megafunction            ; C:/Users/Rick/Documents/UEFS/SD/PBL-SD-HRM/db/decode_j2a.tdf                 ;         ;
; db/mux_pib.tdf                   ; yes             ; Auto-Generated Megafunction            ; C:/Users/Rick/Documents/UEFS/SD/PBL-SD-HRM/db/mux_pib.tdf                    ;         ;
+----------------------------------+-----------------+----------------------------------------+------------------------------------------------------------------------------+---------+


+---------------------------------------------------------+
; Analysis & Synthesis Resource Usage Summary             ;
+---------------------------------------------+-----------+
; Resource                                    ; Usage     ;
+---------------------------------------------+-----------+
; Estimate of Logic utilization (ALMs needed) ; 119       ;
;                                             ;           ;
; Combinational ALUT usage for logic          ; 142       ;
;     -- 7 input functions                    ; 0         ;
;     -- 6 input functions                    ; 94        ;
;     -- 5 input functions                    ; 5         ;
;     -- 4 input functions                    ; 13        ;
;     -- <=3 input functions                  ; 30        ;
;                                             ;           ;
; Dedicated logic registers                   ; 20        ;
;                                             ;           ;
; I/O pins                                    ; 57        ;
; Total MLAB memory bits                      ; 0         ;
; Total block memory bits                     ; 1605632   ;
;                                             ;           ;
; Total DSP Blocks                            ; 0         ;
;                                             ;           ;
; Maximum fan-out node                        ; clk~input ;
; Maximum fan-out                             ; 228       ;
; Total fan-out                               ; 3948      ;
; Average fan-out                             ; 8.16      ;
+---------------------------------------------+-----------+


+------------------------------------------------------------------------------------------------------------------------------------------------------------------------------------------------------------------------------------------------------------------------------+
; Analysis & Synthesis Resource Utilization by Entity                                                                                                                                                                                                                          ;
+----------------------------------------+---------------------+---------------------------+-------------------+------------+------+--------------+-------------------------------------------------------------------------------------------+-----------------+--------------+
; Compilation Hierarchy Node             ; Combinational ALUTs ; Dedicated Logic Registers ; Block Memory Bits ; DSP Blocks ; Pins ; Virtual Pins ; Full Hierarchy Name                                                                       ; Entity Name     ; Library Name ;
+----------------------------------------+---------------------+---------------------------+-------------------+------------+------+--------------+-------------------------------------------------------------------------------------------+-----------------+--------------+
; |memoria                               ; 142 (49)            ; 20 (16)                   ; 1605632           ; 0          ; 57   ; 0            ; |memoria                                                                                  ; memoria         ; work         ;
;    |altsyncram:mem_pesos_rtl_0|        ; 93 (0)              ; 4 (0)                     ; 1605632           ; 0          ; 0    ; 0            ; |memoria|altsyncram:mem_pesos_rtl_0                                                       ; altsyncram      ; work         ;
;       |altsyncram_9qa1:auto_generated| ; 93 (0)              ; 4 (4)                     ; 1605632           ; 0          ; 0    ; 0            ; |memoria|altsyncram:mem_pesos_rtl_0|altsyncram_9qa1:auto_generated                        ; altsyncram_9qa1 ; work         ;
;          |decode_j2a:rden_decode|      ; 13 (13)             ; 0 (0)                     ; 0                 ; 0          ; 0    ; 0            ; |memoria|altsyncram:mem_pesos_rtl_0|altsyncram_9qa1:auto_generated|decode_j2a:rden_decode ; decode_j2a      ; work         ;
;          |mux_pib:mux2|                ; 80 (80)             ; 0 (0)                     ; 0                 ; 0          ; 0    ; 0            ; |memoria|altsyncram:mem_pesos_rtl_0|altsyncram_9qa1:auto_generated|mux_pib:mux2           ; mux_pib         ; work         ;
+----------------------------------------+---------------------+---------------------------+-------------------+------------+------+--------------+-------------------------------------------------------------------------------------------+-----------------+--------------+
Note: For table entries with two numbers listed, the numbers in parentheses indicate the number of resources of the given type used by the specific entity alone. The numbers listed outside of parentheses indicate the total resources of the given type used by the specific entity and all of its sub-entities in the hierarchy.


+-----------------------------------------------------------------------------------------------------------------------------------------------------------------------+
; Analysis & Synthesis RAM Summary                                                                                                                                      ;
+----------------------------------------------------------------------+------+------+--------------+--------------+--------------+--------------+---------+------------+
; Name                                                                 ; Type ; Mode ; Port A Depth ; Port A Width ; Port B Depth ; Port B Width ; Size    ; MIF        ;
+----------------------------------------------------------------------+------+------+--------------+--------------+--------------+--------------+---------+------------+
; altsyncram:mem_pesos_rtl_0|altsyncram_9qa1:auto_generated|ALTSYNCRAM ; AUTO ; ROM  ; 100352       ; 16           ; --           ; --           ; 1605632 ; W_in_q.mif ;
+----------------------------------------------------------------------+------+------+--------------+--------------+--------------+--------------+---------+------------+


+------------------------------------------------------+
; General Register Statistics                          ;
+----------------------------------------------+-------+
; Statistic                                    ; Value ;
+----------------------------------------------+-------+
; Total registers                              ; 20    ;
; Number of registers using Synchronous Clear  ; 0     ;
; Number of registers using Synchronous Load   ; 0     ;
; Number of registers using Asynchronous Clear ; 0     ;
; Number of registers using Asynchronous Load  ; 0     ;
; Number of registers using Clock Enable       ; 0     ;
; Number of registers using Preset             ; 0     ;
+----------------------------------------------+-------+


+----------------------------------------------+
; Registers Packed Into Inferred Megafunctions ;
+---------------+-----------------+------------+
; Register Name ; Megafunction    ; Type       ;
+---------------+-----------------+------------+
; peso[0]~reg0  ; mem_pesos_rtl_0 ; RAM        ;
; peso[1]~reg0  ; mem_pesos_rtl_0 ; RAM        ;
; peso[2]~reg0  ; mem_pesos_rtl_0 ; RAM        ;
; peso[3]~reg0  ; mem_pesos_rtl_0 ; RAM        ;
; peso[4]~reg0  ; mem_pesos_rtl_0 ; RAM        ;
; peso[5]~reg0  ; mem_pesos_rtl_0 ; RAM        ;
; peso[6]~reg0  ; mem_pesos_rtl_0 ; RAM        ;
; peso[7]~reg0  ; mem_pesos_rtl_0 ; RAM        ;
; peso[8]~reg0  ; mem_pesos_rtl_0 ; RAM        ;
; peso[9]~reg0  ; mem_pesos_rtl_0 ; RAM        ;
; peso[10]~reg0 ; mem_pesos_rtl_0 ; RAM        ;
; peso[11]~reg0 ; mem_pesos_rtl_0 ; RAM        ;
; peso[12]~reg0 ; mem_pesos_rtl_0 ; RAM        ;
; peso[13]~reg0 ; mem_pesos_rtl_0 ; RAM        ;
; peso[14]~reg0 ; mem_pesos_rtl_0 ; RAM        ;
; peso[15]~reg0 ; mem_pesos_rtl_0 ; RAM        ;
+---------------+-----------------+------------+


+----------------------------------------------------------------------------------+
; Source assignments for altsyncram:mem_pesos_rtl_0|altsyncram_9qa1:auto_generated ;
+---------------------------------+--------------------+------+--------------------+
; Assignment                      ; Value              ; From ; To                 ;
+---------------------------------+--------------------+------+--------------------+
; OPTIMIZE_POWER_DURING_SYNTHESIS ; NORMAL_COMPILATION ; -    ; -                  ;
+---------------------------------+--------------------+------+--------------------+


+-----------------------------------------------------------------------------+
; Parameter Settings for Inferred Entity Instance: altsyncram:mem_pesos_rtl_0 ;
+------------------------------------+----------------------+-----------------+
; Parameter Name                     ; Value                ; Type            ;
+------------------------------------+----------------------+-----------------+
; BYTE_SIZE_BLOCK                    ; 8                    ; Untyped         ;
; AUTO_CARRY_CHAINS                  ; ON                   ; AUTO_CARRY      ;
; IGNORE_CARRY_BUFFERS               ; OFF                  ; IGNORE_CARRY    ;
; AUTO_CASCADE_CHAINS                ; ON                   ; AUTO_CASCADE    ;
; IGNORE_CASCADE_BUFFERS             ; OFF                  ; IGNORE_CASCADE  ;
; WIDTH_BYTEENA                      ; 1                    ; Untyped         ;
; OPERATION_MODE                     ; ROM                  ; Untyped         ;
; WIDTH_A                            ; 16                   ; Untyped         ;
; WIDTHAD_A                          ; 17                   ; Untyped         ;
; NUMWORDS_A                         ; 100352               ; Untyped         ;
; OUTDATA_REG_A                      ; UNREGISTERED         ; Untyped         ;
; ADDRESS_ACLR_A                     ; NONE                 ; Untyped         ;
; OUTDATA_ACLR_A                     ; NONE                 ; Untyped         ;
; WRCONTROL_ACLR_A                   ; NONE                 ; Untyped         ;
; INDATA_ACLR_A                      ; NONE                 ; Untyped         ;
; BYTEENA_ACLR_A                     ; NONE                 ; Untyped         ;
; WIDTH_B                            ; 1                    ; Untyped         ;
; WIDTHAD_B                          ; 1                    ; Untyped         ;
; NUMWORDS_B                         ; 1                    ; Untyped         ;
; INDATA_REG_B                       ; CLOCK1               ; Untyped         ;
; WRCONTROL_WRADDRESS_REG_B          ; CLOCK1               ; Untyped         ;
; RDCONTROL_REG_B                    ; CLOCK1               ; Untyped         ;
; ADDRESS_REG_B                      ; CLOCK1               ; Untyped         ;
; OUTDATA_REG_B                      ; UNREGISTERED         ; Untyped         ;
; BYTEENA_REG_B                      ; CLOCK1               ; Untyped         ;
; INDATA_ACLR_B                      ; NONE                 ; Untyped         ;
; WRCONTROL_ACLR_B                   ; NONE                 ; Untyped         ;
; ADDRESS_ACLR_B                     ; NONE                 ; Untyped         ;
; OUTDATA_ACLR_B                     ; NONE                 ; Untyped         ;
; RDCONTROL_ACLR_B                   ; NONE                 ; Untyped         ;
; BYTEENA_ACLR_B                     ; NONE                 ; Untyped         ;
; WIDTH_BYTEENA_A                    ; 1                    ; Untyped         ;
; WIDTH_BYTEENA_B                    ; 1                    ; Untyped         ;
; RAM_BLOCK_TYPE                     ; AUTO                 ; Untyped         ;
; BYTE_SIZE                          ; 8                    ; Untyped         ;
; READ_DURING_WRITE_MODE_MIXED_PORTS ; DONT_CARE            ; Untyped         ;
; READ_DURING_WRITE_MODE_PORT_A      ; NEW_DATA_NO_NBE_READ ; Untyped         ;
; READ_DURING_WRITE_MODE_PORT_B      ; NEW_DATA_NO_NBE_READ ; Untyped         ;
; INIT_FILE                          ; W_in_q.mif           ; Untyped         ;
; INIT_FILE_LAYOUT                   ; PORT_A               ; Untyped         ;
; MAXIMUM_DEPTH                      ; 0                    ; Untyped         ;
; CLOCK_ENABLE_INPUT_A               ; NORMAL               ; Untyped         ;
; CLOCK_ENABLE_INPUT_B               ; NORMAL               ; Untyped         ;
; CLOCK_ENABLE_OUTPUT_A              ; NORMAL               ; Untyped         ;
; CLOCK_ENABLE_OUTPUT_B              ; NORMAL               ; Untyped         ;
; CLOCK_ENABLE_CORE_A                ; USE_INPUT_CLKEN      ; Untyped         ;
; CLOCK_ENABLE_CORE_B                ; USE_INPUT_CLKEN      ; Untyped         ;
; ENABLE_ECC                         ; FALSE                ; Untyped         ;
; ECC_PIPELINE_STAGE_ENABLED         ; FALSE                ; Untyped         ;
; WIDTH_ECCSTATUS                    ; 3                    ; Untyped         ;
; DEVICE_FAMILY                      ; Cyclone V            ; Untyped         ;
; CBXI_PARAMETER                     ; altsyncram_9qa1      ; Untyped         ;
+------------------------------------+----------------------+-----------------+
Note: In order to hide this table in the UI and the text report file, please set the "Show Parameter Settings in Synthesis Report" option in "Analysis and Synthesis Settings -> More Settings" to "Off".


+------------------------------------------------------------------------+
; altsyncram Parameter Settings by Entity Instance                       ;
+-------------------------------------------+----------------------------+
; Name                                      ; Value                      ;
+-------------------------------------------+----------------------------+
; Number of entity instances                ; 1                          ;
; Entity Instance                           ; altsyncram:mem_pesos_rtl_0 ;
;     -- OPERATION_MODE                     ; ROM                        ;
;     -- WIDTH_A                            ; 16                         ;
;     -- NUMWORDS_A                         ; 100352                     ;
;     -- OUTDATA_REG_A                      ; UNREGISTERED               ;
;     -- WIDTH_B                            ; 1                          ;
;     -- NUMWORDS_B                         ; 1                          ;
;     -- ADDRESS_REG_B                      ; CLOCK1                     ;
;     -- OUTDATA_REG_B                      ; UNREGISTERED               ;
;     -- RAM_BLOCK_TYPE                     ; AUTO                       ;
;     -- READ_DURING_WRITE_MODE_MIXED_PORTS ; DONT_CARE                  ;
+-------------------------------------------+----------------------------+


+-----------------------------------------------------+
; Post-Synthesis Netlist Statistics for Top Partition ;
+-----------------------+-----------------------------+
; Type                  ; Count                       ;
+-----------------------+-----------------------------+
; arriav_ff             ; 20                          ;
;     plain             ; 20                          ;
; arriav_lcell_comb     ; 142                         ;
;     normal            ; 142                         ;
;         3 data inputs ; 30                          ;
;         4 data inputs ; 13                          ;
;         5 data inputs ; 5                           ;
;         6 data inputs ; 94                          ;
; boundary_port         ; 57                          ;
; stratixv_ram_block    ; 208                         ;
;                       ;                             ;
; Max LUT depth         ; 2.00                        ;
; Average LUT depth     ; 1.80                        ;
+-----------------------+-----------------------------+


+-------------------------------+
; Elapsed Time Per Partition    ;
+----------------+--------------+
; Partition Name ; Elapsed Time ;
+----------------+--------------+
; Top            ; 00:00:01     ;
+----------------+--------------+


+-------------------------------+
; Analysis & Synthesis Messages ;
+-------------------------------+
Info: *******************************************************************
Info: Running Quartus Prime Analysis & Synthesis
    Info: Version 25.1std.0 Build 1129 10/21/2025 SC Lite Edition
    Info: Processing started: Thu Mar 26 11:03:10 2026
Info: Command: quartus_map --read_settings_files=on --write_settings_files=off pbl -c pbl
Warning (18236): Number of processors has not been specified which may cause overloading on shared machines.  Set the global assignment NUM_PARALLEL_PROCESSORS in your QSF to an appropriate value for best performance.
Info (20030): Parallel compilation is enabled and will use 8 of the 8 processors detected
Info (12021): Found 1 design units, including 1 entities, in source file pbl.v
    Info (12023): Found entity 1: pbl File: C:/Users/Rick/Documents/UEFS/SD/PBL-SD-HRM/pbl.v Line: 1
Info (12021): Found 1 design units, including 1 entities, in source file memoria.v
    Info (12023): Found entity 1: memoria File: C:/Users/Rick/Documents/UEFS/SD/PBL-SD-HRM/memoria.v Line: 1
Info (12127): Elaborating entity "memoria" for the top level hierarchy
Warning (10858): Verilog HDL warning at memoria.v(17): object mem_pesos used but never assigned File: C:/Users/Rick/Documents/UEFS/SD/PBL-SD-HRM/memoria.v Line: 17
Warning (10858): Verilog HDL warning at memoria.v(27): object mem_bias used but never assigned File: C:/Users/Rick/Documents/UEFS/SD/PBL-SD-HRM/memoria.v Line: 27
Info (276014): Found 1 instances of uninferred RAM logic
    Info (276004): RAM logic "mem_bias" is uninferred due to inappropriate RAM size File: C:/Users/Rick/Documents/UEFS/SD/PBL-SD-HRM/memoria.v Line: 27
Info (19000): Inferred 1 megafunctions from design logic
    Info (276029): Inferred altsyncram megafunction from the following design logic: "mem_pesos_rtl_0" 
        Info (286033): Parameter OPERATION_MODE set to ROM
        Info (286033): Parameter WIDTH_A set to 16
        Info (286033): Parameter WIDTHAD_A set to 17
        Info (286033): Parameter NUMWORDS_A set to 100352
        Info (286033): Parameter OUTDATA_REG_A set to UNREGISTERED
        Info (286033): Parameter ADDRESS_ACLR_A set to NONE
        Info (286033): Parameter OUTDATA_ACLR_A set to NONE
        Info (286033): Parameter INDATA_ACLR_A set to NONE
        Info (286033): Parameter WRCONTROL_ACLR_A set to NONE
        Info (286033): Parameter INIT_FILE set to W_in_q.mif
Info (12130): Elaborated megafunction instantiation "altsyncram:mem_pesos_rtl_0"
Info (12133): Instantiated megafunction "altsyncram:mem_pesos_rtl_0" with the following parameter:
    Info (12134): Parameter "OPERATION_MODE" = "ROM"
    Info (12134): Parameter "WIDTH_A" = "16"
    Info (12134): Parameter "WIDTHAD_A" = "17"
    Info (12134): Parameter "NUMWORDS_A" = "100352"
    Info (12134): Parameter "OUTDATA_REG_A" = "UNREGISTERED"
    Info (12134): Parameter "ADDRESS_ACLR_A" = "NONE"
    Info (12134): Parameter "OUTDATA_ACLR_A" = "NONE"
    Info (12134): Parameter "INDATA_ACLR_A" = "NONE"
    Info (12134): Parameter "WRCONTROL_ACLR_A" = "NONE"
    Info (12134): Parameter "INIT_FILE" = "W_in_q.mif"
Info (12021): Found 1 design units, including 1 entities, in source file db/altsyncram_9qa1.tdf
    Info (12023): Found entity 1: altsyncram_9qa1 File: C:/Users/Rick/Documents/UEFS/SD/PBL-SD-HRM/db/altsyncram_9qa1.tdf Line: 32
Info (12021): Found 1 design units, including 1 entities, in source file db/decode_j2a.tdf
    Info (12023): Found entity 1: decode_j2a File: C:/Users/Rick/Documents/UEFS/SD/PBL-SD-HRM/db/decode_j2a.tdf Line: 23
Info (12021): Found 1 design units, including 1 entities, in source file db/mux_pib.tdf
    Info (12023): Found entity 1: mux_pib File: C:/Users/Rick/Documents/UEFS/SD/PBL-SD-HRM/db/mux_pib.tdf Line: 23
Info (286030): Timing-Driven Synthesis is running
Info (144001): Generated suppressed messages file C:/Users/Rick/Documents/UEFS/SD/PBL-SD-HRM/output_files/pbl.map.smsg
Info (16010): Generating hard_block partition "hard_block:auto_generated_inst"
    Info (16011): Adding 0 node(s), including 0 DDIO, 0 PLL, 0 transceiver and 0 LCELL
Info (21057): Implemented 411 device resources after synthesis - the final resource count might be different
    Info (21058): Implemented 25 input pins
    Info (21059): Implemented 32 output pins
    Info (21061): Implemented 146 logic cells
    Info (21064): Implemented 208 RAM segments
Info: Quartus Prime Analysis & Synthesis was successful. 0 errors, 3 warnings
    Info: Peak virtual memory: 5115 megabytes
    Info: Processing ended: Thu Mar 26 11:03:23 2026
    Info: Elapsed time: 00:00:13
    Info: Total CPU time (on all processors): 00:00:24


+------------------------------------------+
; Analysis & Synthesis Suppressed Messages ;
+------------------------------------------+
The suppressed messages can be found in C:/Users/Rick/Documents/UEFS/SD/PBL-SD-HRM/output_files/pbl.map.smsg.


